Build started 2/9/2014 5:43:28 PM.
     1>Project "C:\Users\Owner\Documents\GitHub\biomechanical-salamander\GlutTemplate_vs2008\GlutTemplateEnhanced.vcxproj" on node 2 (build target(s)).
     1>InitializeBuildStatus:
         Creating "Debug\GlutTemplateEnhanced.unsuccessfulbuild" because "AlwaysCreate" was specified.
       ClCompile:
         All outputs are up-to-date.
       ManifestResourceCompile:
         All outputs are up-to-date.
       Link:
         All outputs are up-to-date.
       Manifest:
         All outputs are up-to-date.
       PostBuildEvent:
         copy "C:\Users\Owner\Documents\GitHub\biomechanical-salamander\GlutTemplate_vs2008\\GL\glut32.dll" "C:\Users\Owner\Documents\GitHub\biomechanical-salamander\GlutTemplate_vs2008\Debug\glut32.dll"
         :VCEnd
                 1 file(s) copied.
       FinalizeBuildStatus:
         Deleting file "Debug\GlutTemplateEnhanced.unsuccessfulbuild".
         Touching "Debug\GlutTemplateEnhanced.lastbuildstate".
     1>Done Building Project "C:\Users\Owner\Documents\GitHub\biomechanical-salamander\GlutTemplate_vs2008\GlutTemplateEnhanced.vcxproj" (build target(s)).

Build succeeded.

Time Elapsed 00:00:00.16
