C:\USERS\LUIS ANGEL\DOCUMENTS\VISUAL STUDIO 2010\PROJECTS\ODE FIVE\GLUTTEMPLATE_VS2008\DEBUG\BALL.OBJ
C:\USERS\LUIS ANGEL\DOCUMENTS\VISUAL STUDIO 2010\PROJECTS\ODE FIVE\GLUTTEMPLATE_VS2008\DEBUG\BALLAUX.OBJ
C:\USERS\LUIS ANGEL\DOCUMENTS\VISUAL STUDIO 2010\PROJECTS\ODE FIVE\GLUTTEMPLATE_VS2008\DEBUG\BALLMATH.OBJ
C:\Users\Luis Angel\Documents\Visual Studio 2010\Projects\ODE Five\GlutTemplate_vs2008\Debug\cl.command.1.tlog
C:\Users\Luis Angel\Documents\Visual Studio 2010\Projects\ODE Five\GlutTemplate_vs2008\Debug\CL.read.1.tlog
C:\Users\Luis Angel\Documents\Visual Studio 2010\Projects\ODE Five\GlutTemplate_vs2008\Debug\CL.write.1.tlog
C:\USERS\LUIS ANGEL\DOCUMENTS\VISUAL STUDIO 2010\PROJECTS\ODE FIVE\GLUTTEMPLATE_VS2008\DEBUG\FRAMESAVER.OBJ
C:\USERS\LUIS ANGEL\DOCUMENTS\VISUAL STUDIO 2010\PROJECTS\ODE FIVE\GLUTTEMPLATE_VS2008\DEBUG\GDRAWING.OBJ
C:\USERS\LUIS ANGEL\DOCUMENTS\VISUAL STUDIO 2010\PROJECTS\ODE FIVE\GLUTTEMPLATE_VS2008\DEBUG\GLUTTEMPLATEENHANCED.EXE
C:\USERS\LUIS ANGEL\DOCUMENTS\VISUAL STUDIO 2010\PROJECTS\ODE FIVE\GLUTTEMPLATE_VS2008\DEBUG\GLUTTEMPLATEENHANCED.EXE.EMBED.MANIFEST
C:\USERS\LUIS ANGEL\DOCUMENTS\VISUAL STUDIO 2010\PROJECTS\ODE FIVE\GLUTTEMPLATE_VS2008\DEBUG\GLUTTEMPLATEENHANCED.EXE.EMBED.MANIFEST.RES
C:\USERS\LUIS ANGEL\DOCUMENTS\VISUAL STUDIO 2010\PROJECTS\ODE FIVE\GLUTTEMPLATE_VS2008\DEBUG\GLUTTEMPLATEENHANCED.EXE.INTERMEDIATE.MANIFEST
C:\USERS\LUIS ANGEL\DOCUMENTS\VISUAL STUDIO 2010\PROJECTS\ODE FIVE\GLUTTEMPLATE_VS2008\DEBUG\GLUTTEMPLATEENHANCED.ILK
C:\USERS\LUIS ANGEL\DOCUMENTS\VISUAL STUDIO 2010\PROJECTS\ODE FIVE\GLUTTEMPLATE_VS2008\DEBUG\GLUTTEMPLATEENHANCED.PDB
C:\Users\Luis Angel\Documents\Visual Studio 2010\Projects\ODE Five\GlutTemplate_vs2008\Debug\GlutTemplateEnhanced_manifest.rc
C:\USERS\LUIS ANGEL\DOCUMENTS\VISUAL STUDIO 2010\PROJECTS\ODE FIVE\GLUTTEMPLATE_VS2008\DEBUG\GODE.OBJ
C:\USERS\LUIS ANGEL\DOCUMENTS\VISUAL STUDIO 2010\PROJECTS\ODE FIVE\GLUTTEMPLATE_VS2008\DEBUG\GODEOBJECT.OBJ
C:\Users\Luis Angel\Documents\Visual Studio 2010\Projects\ODE Five\GlutTemplate_vs2008\Debug\link.1824.read.1.tlog
C:\Users\Luis Angel\Documents\Visual Studio 2010\Projects\ODE Five\GlutTemplate_vs2008\Debug\link.1824.write.1.tlog
C:\Users\Luis Angel\Documents\Visual Studio 2010\Projects\ODE Five\GlutTemplate_vs2008\Debug\link.1824-cvtres.read.1.tlog
C:\Users\Luis Angel\Documents\Visual Studio 2010\Projects\ODE Five\GlutTemplate_vs2008\Debug\link.1824-cvtres.write.1.tlog
C:\Users\Luis Angel\Documents\Visual Studio 2010\Projects\ODE Five\GlutTemplate_vs2008\Debug\link.3180.read.1.tlog
C:\Users\Luis Angel\Documents\Visual Studio 2010\Projects\ODE Five\GlutTemplate_vs2008\Debug\link.3180.write.1.tlog
C:\Users\Luis Angel\Documents\Visual Studio 2010\Projects\ODE Five\GlutTemplate_vs2008\Debug\link.3180-cvtres.read.1.tlog
C:\Users\Luis Angel\Documents\Visual Studio 2010\Projects\ODE Five\GlutTemplate_vs2008\Debug\link.3180-cvtres.write.1.tlog
C:\Users\Luis Angel\Documents\Visual Studio 2010\Projects\ODE Five\GlutTemplate_vs2008\Debug\link.3200.read.1.tlog
C:\Users\Luis Angel\Documents\Visual Studio 2010\Projects\ODE Five\GlutTemplate_vs2008\Debug\link.3200.write.1.tlog
C:\Users\Luis Angel\Documents\Visual Studio 2010\Projects\ODE Five\GlutTemplate_vs2008\Debug\link.3200-cvtres.read.1.tlog
C:\Users\Luis Angel\Documents\Visual Studio 2010\Projects\ODE Five\GlutTemplate_vs2008\Debug\link.3200-cvtres.write.1.tlog
C:\Users\Luis Angel\Documents\Visual Studio 2010\Projects\ODE Five\GlutTemplate_vs2008\Debug\link.4268.read.1.tlog
C:\Users\Luis Angel\Documents\Visual Studio 2010\Projects\ODE Five\GlutTemplate_vs2008\Debug\link.4268.write.1.tlog
C:\Users\Luis Angel\Documents\Visual Studio 2010\Projects\ODE Five\GlutTemplate_vs2008\Debug\link.4268-cvtres.read.1.tlog
C:\Users\Luis Angel\Documents\Visual Studio 2010\Projects\ODE Five\GlutTemplate_vs2008\Debug\link.4268-cvtres.write.1.tlog
C:\Users\Luis Angel\Documents\Visual Studio 2010\Projects\ODE Five\GlutTemplate_vs2008\Debug\link.command.1.tlog
C:\Users\Luis Angel\Documents\Visual Studio 2010\Projects\ODE Five\GlutTemplate_vs2008\Debug\link.read.1.tlog
C:\Users\Luis Angel\Documents\Visual Studio 2010\Projects\ODE Five\GlutTemplate_vs2008\Debug\link.write.1.tlog
C:\Users\Luis Angel\Documents\Visual Studio 2010\Projects\ODE Five\GlutTemplate_vs2008\Debug\link-cvtres.read.1.tlog
C:\Users\Luis Angel\Documents\Visual Studio 2010\Projects\ODE Five\GlutTemplate_vs2008\Debug\link-cvtres.write.1.tlog
C:\USERS\LUIS ANGEL\DOCUMENTS\VISUAL STUDIO 2010\PROJECTS\ODE FIVE\GLUTTEMPLATE_VS2008\DEBUG\MAIN.OBJ
C:\Users\Luis Angel\Documents\Visual Studio 2010\Projects\ODE Five\GlutTemplate_vs2008\Debug\mt.command.1.tlog
C:\Users\Luis Angel\Documents\Visual Studio 2010\Projects\ODE Five\GlutTemplate_vs2008\Debug\mt.read.1.tlog
C:\Users\Luis Angel\Documents\Visual Studio 2010\Projects\ODE Five\GlutTemplate_vs2008\Debug\mt.write.1.tlog
C:\Users\Luis Angel\Documents\Visual Studio 2010\Projects\ODE Five\GlutTemplate_vs2008\Debug\rc.command.1.tlog
C:\Users\Luis Angel\Documents\Visual Studio 2010\Projects\ODE Five\GlutTemplate_vs2008\Debug\rc.read.1.tlog
C:\Users\Luis Angel\Documents\Visual Studio 2010\Projects\ODE Five\GlutTemplate_vs2008\Debug\rc.write.1.tlog
C:\USERS\LUIS ANGEL\DOCUMENTS\VISUAL STUDIO 2010\PROJECTS\ODE FIVE\GLUTTEMPLATE_VS2008\DEBUG\TIMER.OBJ
C:\Users\Luis Angel\Documents\Visual Studio 2010\Projects\ODE Five\GlutTemplate_vs2008\Debug\vc100.idb
C:\USERS\LUIS ANGEL\DOCUMENTS\VISUAL STUDIO 2010\PROJECTS\ODE FIVE\GLUTTEMPLATE_VS2008\DEBUG\VC100.PDB
